<?xml version="1.0" encoding="UTF-8"?>
<!-- Generated by org.testng.reporters.JUnitXMLReporter -->
<testsuite hostname="DESKTOP-ADH14IP" ignored="0" name="Test" tests="4" failures="0" timestamp="2021-02-28T15:25:58 IST" time="0.706" errors="0">
  <testcase name="testA" time="0.007" classname="suiteA.TestA"/>
  <testcase name="testA" time="0.002" classname="suiteA.TestA"/>
  <testcase name="testA" time="0.002" classname="suiteA.TestAA"/>
  <testcase name="testA" time="0.003" classname="suiteA.TestAA"/>
</testsuite> <!-- Test -->
