<?xml version="1.0" encoding="UTF-8"?>
<!-- Generated by org.testng.reporters.JUnitXMLReporter -->
<testsuite hostname="DESKTOP-ADH14IP" ignored="0" name="Command line test" tests="2" failures="0" timestamp="2021-04-13T16:18:34 IST" time="0.06" errors="0">
  <testcase name="testA" time="0.0" classname="suiteA.TestA">
    <skipped/>
  </testcase> <!-- testA -->
  <testcase name="testAA" time="0.0" classname="suiteA.TestAA">
    <skipped/>
  </testcase> <!-- testAA -->
</testsuite> <!-- Command line test -->
