<?xml version="1.0" encoding="UTF-8"?>
<!-- Generated by org.testng.reporters.JUnitXMLReporter -->
<testsuite hostname="DESKTOP-ADH14IP" ignored="0" name="TestAA" tests="2" failures="2" timestamp="2021-04-13T16:36:26 IST" time="0.186" errors="0">
  <testcase name="testAA" time="0.01" classname="suiteA.TestAA">
    <failure type="java.lang.AssertionError" message="The following asserts failed:
	Title do not match,
	expected [Title] but found [Title1],
	Text do not match,
	expected [Text] but found [Text1],
	Booking ID do not match and its a criticle failure">
      <![CDATA[java.lang.AssertionError: The following asserts failed:
Title do not match,
expected [Title] but found [Title1],
Text do not match,
expected [Text] but found [Text1],
Booking ID do not match and its a criticle failure
at testbase.TestBase.hardFailure(TestBase.java:76)
at suiteA.TestAA.testAA(TestAA.java:37)
at java.util.ArrayList.forEach(ArrayList.java:1249)
... Removed 29 stack frames]]>
    </failure>
  </testcase> <!-- testAA -->
  <testcase name="testAA" time="0.007" classname="suiteA.TestAA">
    <failure type="java.lang.AssertionError" message="The following asserts failed:
	Title do not match,
	expected [Title] but found [Title1],
	Text do not match,
	expected [Text] but found [Text1],
	Booking ID do not match and its a criticle failure">
      <![CDATA[java.lang.AssertionError: The following asserts failed:
Title do not match,
expected [Title] but found [Title1],
Text do not match,
expected [Text] but found [Text1],
Booking ID do not match and its a criticle failure
at testbase.TestBase.hardFailure(TestBase.java:76)
at suiteA.TestAA.testAA(TestAA.java:37)
at java.util.ArrayList.forEach(ArrayList.java:1249)
... Removed 29 stack frames]]>
    </failure>
  </testcase> <!-- testAA -->
</testsuite> <!-- TestAA -->
